<testsuite tests="3" skipped="0" name="TestApplication" hostname="k2-mba.local" failures="0" time="0.000" errors="0">
        <properties>
[...]
</properties>
        <testcase name="The Application controller should::has browser's hasMap" time="0.026" classname="TestApplication">
        
      </testcase><testcase name="The PlayMongo app should::render result template" time="0.099" classname="TestApplication">
        
      </testcase><testcase name="The PlayMongo app should::send 404 on a bad request" time="0.997" classname="TestApplication">
        
      </testcase>
        <system-out></system-out>
        <system-err></system-err>
      </testsuite>